0.9999999999975295
11

1.0999999999999999
1

1.0099999991521094
140

1.0010000098120344
1210

1.0000999000405457
6348

1.0000100000000127
6

1.0000010075564381
7

1.0000000103913758
9

1.0000000099988846
6

1.0000000000443492
8

1.0000000001017249
7

0.9999999999999178
7

1.0000000000016174
8

1.0000000000001454
7

1.0000000000013689
8

1.0000184359817885
6

0.9999923656037897
7

0.9999960282591241
8

0.9999986596370338
9

0.9999998917813931
11

0.9999999925458193
13

0.9999999980898522
14

0.9999999998773454
16

0.9999999999691160
17

0.9999999999980544
19

0.9999999999995131
20

0.9999999999998785
21

0.9999999999999927
23

0.9999999999999984
24

1.0000000000000004
26

13.9999999999873150
20

12.9999999999793960
13

11.9999999999594777
85

11.0000000000144613
16

10.0000000000141291
13

9.0000000000170850
33

7.9999999999800728
24

7.0000000000099396
22

6.0000000000170166
15

5.0000000000021600
10

3.9999999999964668
10

3.0000000000006617
8

1.9999999999997873
6

0.9999999999999716
6

0.9999999999691160
17

