17 1.86052e-09
18 1.1449e-08
19 5.79067e-09
20 1.073e-08
21 2.96756e-09
22 3.02645e-09
23 5.07823e-09
24 3.85693e-09
25 1.96646e-09
26 5.41399e-09
27 4.47267e-09
28 9.35547e-09
29 2.23159e-09
30 5.52523e-09
31 5.40066e-09
32 1.43616e-08
33 8.27726e-09
34 8.90125e-09
35 5.19427e-09
36 9.16625e-09
37 2.71721e-07
38 2.74032e-09
39 1.33057e-07
40 8.87813e-09
41 2.8644e-09
42 1.05835e-08
43 3.72028e-09
44 1.0914e-08
45 3.67509e-09
46 4.5542e-09
47 4.93836e-09
48 1.81414e-08
49 3.92374e-09
50 8.6316e-09
51 1.96921e-09
52 7.14736e-08
53 9.35908e-09
54 4.69495e-08
55 2.38737e-09
56 1.36398e-08
57 1.47281e-08
58 9.83443e-09
59 3.96567e-09
60 1.73588e-08
61 1.3309e-09
62 8.90109e-09
63 1.07115e-08
64 7.80068e-09
65 1.27459e-08
66 1.01565e-08
67 1.16064e-09
68 9.71208e-08
69 1.45639e-08
70 7.34157e-09
71 4.90346e-08
72 1.5044e-08
73 1.47709e-09
74 4.17269e-09
75 1.13971e-08
76 3.44963e-09
77 1.37018e-08
78 5.1427e-09
79 3.32015e-09
80 9.1673e-09
81 2.29877e-08
82 3.26113e-09
83 1.07125e-08
84 8.80157e-09
85 2.02641e-09
86 1.24364e-09
87 6.82535e-09
88 6.26008e-09
89 2.65114e-09
90 7.69047e-08
91 1.81687e-08
92 7.82352e-09
93 1.19818e-08
94 1.31301e-08
95 2.27972e-09
96 1.5809e-08
97 1.04707e-08
98 1.11087e-08
99 3.97898e-09
100 9.71172e-08
