15
1.0000000000000000 1.0000000000000002 1.0000000000000002 1.0000000000000004 1.0000000000000002 1.0000000000000000 1.0000000000000000 1.0000000000000000 1.0000000000000000 0.9999999999999998 1.0000000000000002 0.9999999999999993 1.0000000000000000 1.0000000000000000 1.0000000000000000 
1
15
0.9999999999232275 1.0000000001528098 1.0000000000527678 0.9999999999972425 1.0000000001553637 1.0000000000000000 1.0000000000505125 1.0000000000240157 0.9999999999980982 1.0000000000562574 0.9999999999993893 0.9999999999908739 1.0000000000017277 1.0000000000586644 1.0000000000139793 
81
15
1.0000000000087199 1.0000000000041069 0.9999999999996229 1.0000000000000080 0.9999999999999075 0.9999999999982579 0.9999999999980468 0.9999999999979893 0.9999999999991938 1.0000000000002616 0.9999999999952577 1.0000000000010765 0.9999999999994315 0.9999999999994817 0.9999999999995232 
19
15
0.9999999999934389 0.9999999999999793 1.0000000000000457 0.9999999999891617 0.9999999999999252 1.0000000000008966 1.0000000000005498 0.9999999999954052 0.9999999999997338 1.0000000000010132 1.0000000000001914 1.0000000000025591 0.9999999999998619 1.0000000000019016 0.9999999999999998 
23
15
0.9999999999692261 0.9999999999999306 1.0000000000008502 0.9999999999999174 0.9999999999740636 1.0000000000000377 0.9999999999994976 0.9999999999966105 1.0000000000220273 1.0000000000000788 1.0000000000071354 0.9999999999992354 0.9999999999987116 0.9999999999996665 0.9999999999999927 
25
15
0.9999999999983019 1.0000000000019749 0.9999999999994006 1.0000000000043743 0.9999999999920874 1.0000000000034499 1.0000000000027254 0.9999999999927005 1.0000000000016596 1.0000000000049134 0.9999999999991041 1.0000000000047296 1.0000000000005627 1.0000000000009495 1.0000000000018074 
19
15
0.9999999999969902 1.0000000000008096 0.9999999999971699 1.0000000000037725 0.9999999999999875 0.9999999999984260 1.0000000000045377 0.9999999999997637 1.0000000000000790 0.9999999999974014 1.0000000000000868 0.9999999999992439 1.0000000000001412 0.9999999999991666 0.9999999999986428 
21
15
0.9999999999754550 0.9999999999996634 0.9999999999944329 1.0000000000049003 1.0000000000007345 0.9999999999983851 0.9999999999533334 0.9999999999923963 1.0000000000026874 1.0000000000000002 1.0000000000585432 1.0000000000003417 1.0000000000011833 1.0000000000002498 1.0000000000070584 
40
15
0.9999999946512309 1.0000000000000040 1.0000000023816045 1.0000000015235548 0.9999999977251781 1.0000000034569194 0.9999999999993985 0.9999999989800985 0.9999999992692641 0.9999999975754112 1.0000000015235135 0.9999999998487414 0.9999999999993368 1.0000000021628639 1.0000000046020889 
2035
15
1.0000000000005445 1.0000000000011071 1.0000000000000075 0.9999999999998398 1.0000000000049283 0.9999999999832475 1.0000000000015437 0.9999999999889826 0.9999999999999418 0.9999999999949121 0.9999999999996732 1.0000000000000524 1.0000000000089346 0.9999999999991587 1.0000000000005627 
27
15
1.0000000000005556 1.0000000000057698 0.9999999999948589 0.9999999999991521 0.9999999999950666 1.0000000000000162 1.0000000000001050 1.0000000000027722 1.0000000000055922 0.9999999999972339 1.0000000000079763 0.9999999999994708 0.9999999999999839 1.0000000000005858 1.0000000000005580 
20
15
0.9999999993735690 1.0000000000962577 1.0000000000003930 1.0000000003396672 1.0000000003944201 1.0000000000946787 0.9999999997124263 1.0000000004632870 1.0000000012903409 1.0000000005714651 0.9999999996633868 0.9999999998381028 1.0000000000760279 0.9999999999999409 1.0000000008412631 
488
15
0.9999999999998032 0.9999999999986823 1.0000000000034792 0.9999999999967670 0.9999999999998720 1.0000000000005391 0.9999999999987745 0.9999999999984948 1.0000000000017737 0.9999999999996666 0.9999999999996957 1.0000000000000788 0.9999999999990675 0.9999999999989748 1.0000000000019549 
21
15
1.0000000008907739 0.9999999997186533 0.9999999999992436 1.0000000003388227 1.0000000001185492 0.9999999999991950 1.0000000001402860 0.9999999999999035 0.9999999999591450 1.0000000001567400 1.0000000000029960 0.9999999990272910 1.0000000012510561 1.0000000000006863 1.0000000000145095 
450
15
1.0000000000221527 0.9999999999927008 0.9999999999594037 0.9999999999883242 1.0000000000470963 1.0000000000552152 1.0000000000004021 0.9999999998889435 0.9999999999171096 1.0000000000842042 1.0000000000026765 1.0000000000326956 0.9999999999816100 0.9999999999990992 1.0000000000122888 
62
15
1.0000000000008089 0.9999999999248481 0.9999999999861253 0.9999999999949765 0.9999999999360473 0.9999999999907258 0.9999999999986575 0.9999999999606328 0.9999999999983618 0.9999999999439491 1.0000000000061733 1.0000000000006493 1.0000000000306952 1.0000000000045211 1.0000000000059164 
56
15
0.9999999999988972 0.9999999999917640 0.9999999999960845 0.9999999999991421 1.0000000000000187 0.9999999999989390 0.9999999999999111 1.0000000000013083 0.9999999999996816 1.0000000000000184 0.9999999999999393 0.9999999999997957 0.9999999999962924 1.0000000000016140 0.9999999999999831 
25
15
1.0000000000092766 0.9999999999976601 0.9999999999947413 1.0000000000046951 1.0000000000008233 1.0000000000007403 1.0000000000013529 0.9999999999957045 1.0000000000007043 0.9999999999993762 0.9999999999996678 0.9999999999989293 0.9999999999999986 1.0000000000013078 0.9999999999997077 
23
15
0.9999999999879126 0.9999999977348080 1.0000000000849361 0.9999999999638436 0.9999999995497469 0.9999999987995565 0.9999999949561464 0.9999999999466038 1.0000000001037777 0.9999999995683504 0.9999999997307614 1.0000000000000000 1.0000000038379073 1.0000000004886598 1.0000000008023044 
1550
15
0.9999999999479300 0.9999999999809209 0.9999999999955600 1.0000000000029039 1.0000000000780311 0.9999999999936651 1.0000000001389799 0.9999999999917586 1.0000000000022125 0.9999999999943177 0.9999999999995245 1.0000000000818323 1.0000000000001339 1.0000000000200910 1.0000000000474973 
74
