32 512
1 2.99011001130495
1.003913894324853 3.012495816565147
1.007827788649706 3.034969571252045
1.01174168297456 3.057531781671773
1.015655577299413 3.080182954881789
1.019569471624266 3.102923598715295
1.023483365949119 3.125754221805347
1.027397260273973 3.148675333608668
1.031311154598826 3.171687444429173
1.035225048923679 3.194791065441207
1.039138943248532 3.217986708712512
1.043052837573386 3.241274887226923
1.046966731898239 3.264656114906807
1.050880626223092 3.288130906635243
1.054794520547945 3.311699778277962
1.058708414872799 3.33536324670504
1.062622309197652 3.359121829812356
1.066536203522505 3.382976046542829
1.070450097847358 3.406926416907426
1.074363992172211 3.430973462005956
1.078277886497065 3.455117704047654
1.082191780821918 3.479359666371557
1.086105675146771 3.503699873466685
1.090019569471624 3.528138850992025
1.093933463796477 3.552677125796322
1.097847358121331 3.577315225937697
1.101761252446184 3.602053680703069
1.105675146771037 3.626893020627421
1.10958904109589 3.65183377751288
1.113502935420744 3.676876484447644
1.117416829745597 3.702021675824738
1.12133072407045 3.727269887360623
1.125244618395303 3.752621656113646
1.129158512720156 3.778077520502343
1.13307240704501 3.803638020323602
1.136986301369863 3.829303696770681
1.140900195694716 3.85507509245109
1.144814090019569 3.880952751404346
1.148727984344423 3.90693721911959
1.152641878669276 3.933029042553089
1.156555772994129 3.959228770145608
1.160469667318982 3.985536951839666
1.164383561643836 4.011954139096681
1.168297455968689 4.038480884913996
1.172211350293542 4.065117743841802
1.176125244618395 4.091865271999955
1.180039138943249 4.118724027094689
1.183953033268102 4.145694568435226
1.187866927592955 4.172777456950299
1.191780821917808 4.199973255204575
1.195694716242661 4.227282527414983
1.199608610567515 4.254705839466967
1.203522504892368 4.282243758930636
1.207436399217221 4.309896855076849
1.211350293542074 4.337665698893207
1.215264187866928 4.365550863099969
1.219178082191781 4.393552922165902
1.223091976516634 4.421672452324045
1.227005870841487 4.449910031587409
1.230919765166341 4.478266239764612
1.234833659491194 4.506741658475441
1.238747553816047 4.535336871166352
1.2426614481409 4.564052463125911
1.246575342465754 4.592889021500176
1.250489236790607 4.621847135308014
1.25440313111546 4.650927395456373
1.258317025440313 4.680130394755489
1.262230919765166 4.709456727934053
1.26614481409002 4.73890699165432
1.270058708414873 4.768481784527174
1.273972602739726 4.798181707127145
1.277886497064579 4.828007362007381
1.281800391389432 4.857959353714583
1.285714285714286 4.888038288803893
1.289628180039139 4.918244775853744
1.293542074363992 4.94857942548068
1.297455968688845 4.979042850354123
1.301369863013699 5.009635665211129
1.305283757338552 5.040358486871093
1.309197651663405 5.07121193425043
1.313111545988258 5.102196628377226
1.317025440313111 5.133313192405861
1.320939334637965 5.164562251631605
1.324853228962818 5.19594443350519
1.328767123287671 5.227460367647352
1.332681017612524 5.259110685863364
1.336594911937378 5.29089602215753
1.340508806262231 5.322817012747677
1.344422700587084 5.354874296079616
1.348336594911937 5.387068512841589
1.352250489236791 5.419400305978705
1.356164383561644 5.451870320707354
1.360078277886497 5.484479204529615
1.36399217221135 5.517227607247642
1.367906066536204 5.55011618097805
1.371819960861057 5.583145580166284
1.37573385518591 5.616316461600977
1.379647749510763 5.649629484428313
1.383561643835616 5.683085310166366
1.38747553816047 5.716684602719445
1.391389432485323 5.750428028392434
1.395303326810176 5.784316255905125
1.399217221135029 5.818349956406546
1.403131115459883 5.852529803489296
1.407045009784736 5.886856473203877
1.410958904109589 5.921330644073017
1.414872798434442 5.95595299710601
1.418786692759296 5.990724215813046
1.422700587084149 6.025644986219552
1.426614481409002 6.060715996880535
1.430528375733855 6.095937938894926
1.434442270058709 6.131311505919939
1.438356164383562 6.166837394185431
1.442270058708415 6.20251630250827
1.446183953033268 6.238348932306714
1.450097847358121 6.274335987614798
1.454011741682975 6.310478175096734
1.457925636007828 6.346776204061319
1.461839530332681 6.383230786476357
1.465753424657534 6.419842636983093
1.469667318982387 6.456612472910663
1.473581213307241 6.493541014290557
1.477495107632094 6.530628983871094
1.481409001956947 6.56787710713192
1.4853228962818 6.605286112298517
1.489236790606653 6.64285673035673
1.493150684931507 6.680589695067317
1.49706457925636 6.718485742980512
1.500978473581213 6.756545613450613
1.504892367906066 6.794770048650585
1.50880626223092 6.833159793586686
1.512720156555773 6.871715596113122
1.516634050880626 6.910438206946711
1.520547945205479 6.949328379681577
1.524461839530333 6.988386870803876
1.528375733855186 7.027614439706531
1.532289628180039 7.067011848703998
1.536203522504892 7.106579863047067
1.540117416829746 7.146319250937675
1.544031311154599 7.186230783543757
1.547945205479452 7.226315235014115
1.551859099804305 7.266573382493325
1.555772994129158 7.307006006136666
1.559686888454012 7.34761388912508
1.563600782778865 7.388397817680167
1.567514677103718 7.4293585810792
1.571428571428571 7.470496971670182
1.575342465753425 7.511813784886928
1.579256360078278 7.553309819264183
1.583170254403131 7.594985876452772
1.587084148727984 7.636842761234781
1.590998043052838 7.678881281538774
1.594911937377691 7.721102248455049
1.598825831702544 7.763506476250919
1.602739726027397 7.80609478238604
1.606653620352251 7.848867987527765
1.610567514677104 7.891826915566541
1.614481409001957 7.934972393631344
1.61839530332681 7.978305252105147
1.622309197651663 8.021826324640433
1.626223091976517 8.065536448174733
1.63013698630137 8.109436462946226
1.634050880626223 8.153527212509358
1.637964774951076 8.197809543750511
1.64187866927593 8.242284306903709
1.645792563600783 8.286952355566378
1.649706457925636 8.331814546715121
1.653620352250489 8.376871740721565
1.657534246575342 8.422124801368234
1.661448140900196 8.467574595864466
1.665362035225049 8.513221994862382
1.669275929549902 8.559067872472891
1.673189823874755 8.605113106281742
1.677103718199608 8.651358577365626
1.681017612524462 8.697805170308317
1.684931506849315 8.744453773216863
1.688845401174168 8.791305277737822
1.692759295499021 8.838360579073546
1.696673189823875 8.885620575998514
1.700587084148728 8.933086170875711
1.704500978473581 8.980758269673053
1.708414872798434 9.028637781979867
1.712328767123288 9.076725621023417
1.716242661448141 9.125022703685479
1.720156555772994 9.173529950518967
1.724070450097847 9.222248285764611
1.727984344422701 9.271178637367683
1.731898238747554 9.320321936994782
1.735812133072407 9.369679120050661
1.73972602739726 9.419251125695109
1.743639921722113 9.469038896859898
1.747553816046967 9.519043380265762
1.75146771037182 9.569265526439448
1.755381604696673 9.619706289730816
1.759295499021526 9.670366628329985
1.76320939334638 9.721247504284545
1.767123287671233 9.772349883516824
1.771037181996086 9.823674735841202
1.774951076320939 9.875223034981488
1.778864970645793 9.926995758588356
1.782778864970646 9.978993888256831
1.786692759295499 10.03121840954384
1.790606653620352 10.0836703119858
1.794520547945206 10.13635058911632
1.798434442270059 10.18926023848389
1.802348336594912 10.24240026166966
1.806262230919765 10.29577166430531
1.810176125244618 10.34937545609093
1.814090019569472 10.40321265081298
1.818003913894325 10.45728426636233
1.821917808219178 10.51159132475234
1.825831702544031 10.56613485213698
1.829745596868884 10.62091587882908
1.833659491193738 10.67593543931855
1.837573385518591 10.73119457229076
1.841487279843444 10.78669432064492
1.845401174168297 10.84243573151253
1.849315068493151 10.89841985627592
1.853228962818004 10.95464775058682
1.857142857142857 11.01112047438504
1.86105675146771 11.06783909191716
1.864970645792563 11.12480467175535
1.868884540117417 11.18201828681618
1.87279843444227 11.23948101437957
1.876712328767123 11.29719393610776
1.880626223091976 11.35515813806438
1.88454011741683 11.41337471073352
1.888454011741683 11.47184474903901
1.892367906066536 11.53056935236356
1.896281800391389 11.58954962456818
1.900195694716243 11.64878667401154
1.904109589041096 11.70828161356943
1.908023483365949 11.76803556065429
1.911937377690802 11.82804963723484
1.915851272015656 11.88832496985574
1.919765166340509 11.94886268965734
1.923679060665362 12.00966393239548
1.927592954990215 12.07072983846142
1.931506849315068 12.1320615529018
1.935420743639922 12.19366022543861
1.939334637964775 12.25552701048941
1.943248532289628 12.31766306718743
1.947162426614481 12.38006955940184
1.951076320939335 12.44274765575813
1.954990215264188 12.50569852965847
1.958904109589041 12.56892335930221
1.962818003913894 12.63242332770643
1.966731898238748 12.6961996227266
1.970645792563601 12.76025343707727
1.974559686888454 12.82458596835287
1.978473581213307 12.88919841904855
1.982387475538161 12.95409199658118
1.986301369863014 13.0192679133103
1.990215264187867 13.08472738655928
1.99412915851272 13.15047163863647
1.998043052837573 13.21650189685648
2.001956947162427 13.28281939356149
2.00587084148728 13.34942536614269
2.009784735812133 13.41632105706178
2.013698630136986 13.48350771387254
2.017612524461839 13.55098658924251
2.021526418786693 13.6187589409747
2.025440313111546 13.68682603202947
2.029354207436399 13.75518913054637
2.033268101761252 13.82384950986622
2.037181996086106 13.89280844855308
2.041095890410959 13.96206723041651
2.045009784735812 14.03162714453376
2.048923679060665 14.10148948527208
2.052837573385518 14.1716555523112
2.056751467710372 14.24212665066578
2.060665362035225 14.31290409070798
2.064579256360078 14.3839891881902
2.068493150684931 14.45538326426777
2.072407045009784 14.52708764552182
2.076320939334638 14.59910366398224
2.080234833659491 14.67143265715065
2.084148727984344 14.74407596802355
2.088062622309198 14.81703494511551
2.091976516634051 14.89031094248245
2.095890410958904 14.96390531974501
2.099804305283757 15.03781944211204
2.10371819960861 15.11205468040415
2.107632093933464 15.18661241107736
2.111545988258317 15.26149401624682
2.11545988258317 15.33670088371069
2.119373776908024 15.41223440697401
2.123287671232877 15.48809598527276
2.12720156555773 15.56428702359796
2.131115459882583 15.64080893271985
2.135029354207436 15.71766312921223
2.13894324853229 15.79485103547682
2.142857142857143 15.87237407976777
2.146771037181996 15.95023369621622
2.150684931506849 16.02843132485501
2.154598825831703 16.10696841164343
2.158512720156556 16.18584640849209
2.162426614481409 16.26506677328792
2.166340508806262 16.3446309699192
2.170254403131116 16.42454046830075
2.174168297455969 16.50479674439917
2.178082191780822 16.58540128025823
2.181996086105675 16.66635556402431
2.185909980430528 16.74766108997198
2.189823874755382 16.82931935852962
2.193737769080235 16.91133187630523
2.197651663405088 16.99370015611228
2.201565557729941 17.07642571699565
2.205479452054794 17.15951008425773
2.209393346379648 17.24295478948456
2.213307240704501 17.32676137057211
2.217221135029354 17.41093137175269
2.221135029354207 17.49546634362136
2.22504892367906 17.58036784316258
2.228962818003914 17.66563743377685
2.232876712328767 17.75127668530756
2.23679060665362 17.83728717406779
2.240704500978473 17.92367048286745
2.244618395303327 18.01042820104026
2.24853228962818 18.09756192447106
2.252446183953033 18.18507325562311
2.256360078277886 18.27296380356549
2.260273972602739 18.36123518400069
2.264187866927593 18.44988901929226
2.268101761252446 18.53892693849252
2.272015655577299 18.6283505773705
2.275929549902153 18.71816157843988
2.279843444227006 18.80836159098708
2.283757338551859 18.89895227109948
2.287671232876712 18.98993528169374
2.291585127201565 19.08131229254422
2.295499021526419 19.1730849803115
2.299412915851272 19.2652550285711
2.303326810176125 19.35782412784216
2.307240704500979 19.45079397561638
2.311154598825832 19.54416627638702
2.315068493150685 19.63794274167797
2.318982387475538 19.73212509007303
2.322896281800391 19.82671504724522
2.326810176125245 19.92171434598625
2.330724070450098 20.0171247262361
2.334637964774951 20.11294793511272
2.338551859099804 20.20918572694184
2.342465753424658 20.30583986328692
2.346379647749511 20.40291211297917
2.350293542074364 20.50040425214775
2.354207436399217 20.59831806425005
2.35812133072407 20.69665534010213
2.362035225048924 20.79541787790922
2.365949119373777 20.8946074832964
2.36986301369863 20.99422596933936
2.373776908023483 21.09427515659532
2.377690802348337 21.19475687313408
2.38160469667319 21.2956729545691
2.385518590998043 21.39702524408884
2.389432485322896 21.49881559248815
2.393346379647749 21.60104585819975
2.397260273972603 21.70371790732594
2.401174168297456 21.80683361367034
2.405088062622309 21.91039485876982
2.409001956947162 22.01440353192652
2.412915851272015 22.11886153023998
2.416829745596869 22.22377075863951
2.420743639921722 22.32913312991654
2.424657534246575 22.43495056475718
2.428571428571428 22.54122499177493
2.432485322896282 22.64795834754345
2.436399217221135 22.75515257662956
2.440313111545988 22.86280963162623
2.444227005870841 22.97093147318589
2.448140900195694 23.07952007005365
2.452054794520548 23.18857739910091
2.455968688845401 23.29810544535884
2.459882583170254 23.40810620205221
2.463796477495108 23.51858167063324
2.467710371819961 23.62953386081561
2.471624266144814 23.7409647906086
2.475538160469667 23.85287648635141
2.47945205479452 23.96527098274757
2.483365949119374 24.07815032289951
2.487279843444227 24.19151655834323
2.49119373776908 24.3053717490832
2.495107632093934 24.41971796362731
2.499021526418787 24.53455727902197
2.50293542074364 24.64989178088744
2.506849315068493 24.76572356345317
2.510763209393346 24.88205472959338
2.5146771037182 24.99888739086277
2.518590998043053 25.1162236675323
2.522504892367906 25.23406568862524
2.526418786692759 25.35241559195323
2.530332681017613 25.4712755241526
2.534246575342466 25.59064764072074
2.538160469667319 25.71053410605272
2.542074363992172 25.83093709347795
2.545988258317025 25.95185878529704
2.549902152641879 26.07330137281884
2.553816046966732 26.19526705639757
2.557729941291585 26.31775804547013
2.561643835616438 26.44077655859355
2.565557729941291 26.56432482348261
2.569471624266145 26.68840507704759
2.573385518590998 26.81301956543217
2.577299412915851 26.93817054405149
2.581213307240704 27.06386027763042
2.585127201565558 27.19009104024183
2.589041095890411 27.31686511534522
2.592954990215264 27.44418479582532
2.596868884540117 27.57205238403098
2.60078277886497 27.70047019181412
2.604696673189824 27.82944054056891
2.608610567514677 27.95896576127108
2.61252446183953 28.08904819451736
2.616438356164383 28.21969019056512
2.620352250489237 28.35089410937217
2.62426614481409 28.48266232063667
2.628180039138943 28.61499720383729
2.632093933463796 28.74790114827343
2.636007827788649 28.88137655310567
2.639921722113503 29.01542582739637
2.643835616438356 29.15005139015044
2.647749510763209 29.28525567035623
2.651663405088063 29.42104110702663
2.655577299412916 29.55741014924037
2.659491193737769 29.69436525618337
2.663405088062622 29.83190889719038
2.667318982387475 29.9700435517867
2.671232876712329 30.10877170973016
2.675146771037182 30.24809587105313
2.679060665362035 30.38801854610489
2.682974559686889 30.52854225559397
2.686888454011742 30.66966953063081
2.690802348336595 30.81140291277053
2.694716242661448 30.95374495405587
2.698630136986301 31.09669821706033
2.702544031311155 31.24026527493145
2.706457925636008 31.38444871143433
2.710371819960861 31.52925112099523
2.714285714285714 31.67467510874541
2.718199608610568 31.82072329056514
2.722113502935421 31.96739829312792
2.726027397260274 32.11470275394475
2.729941291585127 32.26263932140878
2.73385518590998 32.41121065483992
2.737769080234834 32.56041942452984
2.741682974559687 32.710268311787
2.74559686888454 32.86076000898191
2.749510763209393 33.0118972195926
2.753424657534246 33.16368265825027
2.7573385518591 33.31611905078503
2.761252446183953 33.46920913427201
2.765166340508806 33.62295565707744
2.769080234833659 33.77736137890512
2.772994129158513 33.93242907084291
2.776908023483366 34.08816151540954
2.780821917808219 34.24456150660148
2.784735812133072 34.40163184994015
2.788649706457925 34.55937536251917
2.792563600782779 34.71779487305194
2.796477495107632 34.87689322191927
2.800391389432485 35.03667326121734
2.804305283757338 35.19713785480576
2.808219178082192 35.35828987835586
2.812133072407045 35.52013221939919
2.816046966731898 35.68266777737616
2.819960861056751 35.84589946368495
2.823874755381604 36.00983020173057
2.827788649706458 36.17446292697414
2.831702544031311 36.33980058698232
2.835616438356164 36.50584614147706
2.839530332681018 36.67260256238538
2.843444227005871 36.84007283388951
2.847358121330724 37.00825995247716
2.851272015655577 37.17716692699197
2.85518590998043 37.34679677868419
2.859099804305284 37.51715254126164
2.863013698630137 37.6882372609407
2.86692759295499 37.86005399649772
2.870841487279844 38.03260581932044
2.874755381604697 38.20589581345979
2.87866927592955 38.37992707568174
2.882583170254403 38.55470271551948
2.886497064579256 38.7302258553258
2.89041095890411 38.90649963032558
2.894324853228963 39.08352718866863
2.898238747553816 39.26131169148265
2.902152641878669 39.43985631292641
2.906066536203523 39.61916424024322
2.909980430528376 39.79923867381454
2.913894324853229 39.98008282721381
2.917808219178082 40.16169992726056
2.921722113502935 40.3440932140747
2.925636007827789 40.52726594113096
2.929549902152642 40.71122137531373
2.933463796477495 40.89596279697191
2.937377690802348 41.08149349997415
2.941291585127201 41.26781679176422
2.945205479452055 41.45493599341664
2.949119373776908 41.64285443969253
2.953033268101761 41.83157547909567
2.956947162426614 42.02110247392883
2.960861056751467 42.21143880035026
2.964774951076321 42.40258784843049
2.968688845401174 42.59455302220929
2.972602739726027 42.78733773975289
2.97651663405088 42.98094543321145
2.980430528375734 43.17537954887673
2.984344422700587 43.37064354723999
2.98825831702544 43.5667409030502
2.992172211350293 43.76367510537236
2.996086105675147 43.96144965764616
3 44.16006807774484


