R 1 0
100
2 0.0786598
R 1 0
100
3 0.161201
R 1 0
100
4 0.202635
R 1 0
100
5 0.425215
R 1 0
100
6 2.17599
R 1 0
100
7 1.01377
R 1 0
100
8 2.37016
R 1 0
100
9 5.6295
R 1 0
100
10 23.1897
R 1 0
100
11 57.5411
R 1 0
100
12 186.472
R 1 0
100
13 702.792
R 1 0
100
14 1800.45
R 1 0
100
15 5113.62
R 1 0
100
16 15532.3
R 1 0
100
17 47920.3
R 1 0
100
18 691946
R 1 0
100
19 1.62854e+06
R 1 0
100
20 1.37318e+06
R 1 1
100
2 0.0133936
R 1 1
100
3 0.000132311
R 1 1
100
4 4.50761e-06
R 1 1
100
5 5.82673e-08
R 1 1
100
6 4.60331e-08
R 1 1
100
7 5.5825e-11
R 1 1
100
8 2.31329e-11
R 1 1
100
9 2.74114e-13
R 1 1
100
10 8.97615e-14
R 1 1
100
11 1.17684e-14
R 1 1
100
12 8.9484e-14
R 1 1
100
13 4.49363e-13
R 1 1
100
14 1.27975e-12
R 1 1
100
15 1.27992e-12
R 1 1
100
16 6.20848e-12
R 1 1
100
17 1.46083e-11
R 1 1
100
18 2.07277e-10
R 1 1
100
19 4.63278e-10
R 1 1
100
20 1.33784e-10
R 1 1
100
21 2.88973e-09
R 1 1
100
22 1.60397e-10
R 1 1
100
23 3.68008e-09
R 1 1
100
24 2.04295e-08
R 1 1
100
25 5.0657e-07
R 1 1
100
26 4.58424e-08
R 1 1
100
27 1.18959e-06
R 1 1
100
28 6.37763e-06
R 1 1
100
29 2.11323e-05
R 1 1
100
30 0.000413839
R 1 1
100
31 0.000145283
R 1 1
100
32 0.00823058
R 1 1
100
33 0.0103575
R 1 1
100
34 0.0109661
R 1 1
100
35 0.0400653
R 1 1
100
36 1.69873
R 1 1
100
37 2.53946
R 1 1
100
38 16.3223
R 1 1
100
39 550.522
R 1 1
100
40 37.8354
U 1 0
100
2 0.153207
U 1 0
100
3 0.164646
U 1 0
100
4 0.21241
U 1 0
100
5 0.339149
U 1 0
100
6 0.58367
U 1 0
100
7 1.12765
U 1 0
100
8 2.43507
U 1 0
100
9 5.76535
U 1 0
100
10 14.6619
U 1 0
100
11 39.3886
U 1 0
100
12 110.43
U 1 0
100
13 320.324
U 1 0
100
14 955.37
U 1 0
100
15 2916.34
U 1 0
100
16 9079.57
U 1 0
100
17 28751.8
U 1 0
100
18 92402.6
U 1 0
100
19 300849
U 1 0
100
20 990874
U 1 1
100
2 0.0105311
U 1 1
100
3 2.53887e-05
U 1 1
100
4 4.52246e-06
U 1 1
100
5 3.63476e-08
U 1 1
100
6 7.17568e-09
U 1 1
100
7 9.52239e-11
U 1 1
100
8 1.74594e-11
U 1 1
100
9 3.13971e-13
U 1 1
100
10 5.2125e-14
U 1 1
100
11 1.18794e-14
U 1 1
100
12 1.83742e-14
U 1 1
100
13 1.28009e-13
U 1 1
100
14 2.57128e-13
U 1 1
100
15 4.87832e-13
U 1 1
100
16 2.34945e-12
U 1 1
100
17 1.8735e-12
U 1 1
100
18 2.30553e-11
U 1 1
100
19 5.81056e-11
U 1 1
100
20 3.07511e-11
U 1 1
100
21 3.16602e-10
U 1 1
100
22 4.0249e-10
U 1 1
100
23 7.07607e-09
U 1 1
100
24 3.84771e-08
U 1 1
100
25 1.557e-07
U 1 1
100
26 3.77594e-07
U 1 1
100
27 1.36577e-06
U 1 1
100
28 4.83041e-06
U 1 1
100
29 1.77668e-05
U 1 1
100
30 8.68625e-05
U 1 1
100
31 9.37728e-05
U 1 1
100
32 0.000732404
U 1 1
100
33 0.00342476
U 1 1
100
34 0.0103747
U 1 1
100
35 0.0173279
U 1 1
100
36 0.239235
U 1 1
100
37 0.373927
U 1 1
100
38 25.049
U 1 1
100
39 179.454
U 1 1
100
40 2770.18
C 1 0
100
2 0.0159913
C 1 0
100
3 0.194902
C 1 0
100
4 0.279805
C 1 0
100
5 0.358797
C 1 0
100
6 0.460373
C 1 0
100
7 0.594117
C 1 0
100
8 0.765161
C 1 0
100
9 0.977691
C 1 0
100
10 1.23577
C 1 0
100
11 1.54352
C 1 0
100
12 1.90513
C 1 0
100
13 2.32485
C 1 0
100
14 2.80689
C 1 0
100
15 3.35592
C 1 0
100
16 3.97451
C 1 0
100
17 4.67512
C 1 0
100
18 5.52841
C 1 0
100
19 11.5683
C 1 0
100
20 12.4916
C 1 1
100
2 0.000555776
C 1 1
100
3 7.29569e-06
C 1 1
100
4 1.4594e-06
C 1 1
100
5 1.09856e-08
C 1 1
100
6 3.95371e-09
C 1 1
100
7 1.29179e-11
C 1 1
100
8 9.73288e-12
C 1 1
100
9 4.44089e-15
C 1 1
100
10 2.16493e-14
C 1 1
100
11 2.22045e-16
C 1 1
100
12 2.22045e-16
C 1 1
100
13 3.33067e-16
C 1 1
100
14 3.33067e-16
C 1 1
100
15 2.77556e-16
C 1 1
100
16 6.66134e-16
C 1 1
100
17 3.33067e-16
C 1 1
100
18 3.33067e-16
C 1 1
100
19 3.77476e-15
C 1 1
100
20 1.65423e-14
C 1 1
100
21 1.43219e-14
C 1 1
100
22 4.029e-13
C 1 1
100
23 5.50004e-12
C 1 1
100
24 1.01261e-10
C 1 1
100
25 8.16164e-10
C 1 1
100
26 3.65314e-08
C 1 1
100
27 3.46238e-07
C 1 1
100
28 2.42235e-06
C 1 1
100
29 3.2563e-06
C 1 1
100
30 3.52887e-05
C 1 1
100
31 0.00517915
C 1 1
100
32 0.000408073
C 1 1
100
33 0.285292
C 1 1
100
34 0.664408
C 1 1
100
35 2.04935
C 1 1
100
36 63.1991
C 1 1
100
37 665.308
C 1 1
100
38 8182.87
C 1 1
100
39 173552
C 1 1
100
40 1.32459e+06
